[    0.000000] Initializing cgroup subsys cpuset
[    0.000000] Initializing cgroup subsys cpu
[    0.000000] Initializing cgroup subsys cpuacct
[    0.000000] Linux version 4.4.0-97-generic (buildd@lcy01-33) (gcc version 5.4.0 20160609 (Ubuntu 5.4.0-6ubuntu1~16.04.4) ) #120-Ubuntu SMP Tue Sep 19 17:28:18 UTC 2017 (Ubuntu 4.4.0-97.120-generic 4.4.87)
[    0.000000] Command line: BOOT_IMAGE=/boot/vmlinuz-4.4.0-97-generic root=LABEL=cloudimg-rootfs ro console=tty1 console=ttyS0
[    0.000000] KERNEL supported cpus:
[    0.000000]   Intel GenuineIntel
[    0.000000]   AMD AuthenticAMD
[    0.000000]   Centaur CentaurHauls
[    0.000000] x86/fpu: xstate_offset[2]:  576, xstate_sizes[2]:  256
[    0.000000] x86/fpu: Supporting XSAVE feature 0x01: 'x87 floating point registers'
[    0.000000] x86/fpu: Supporting XSAVE feature 0x02: 'SSE registers'
[    0.000000] x86/fpu: Supporting XSAVE feature 0x04: 'AVX registers'
[    0.000000] x86/fpu: Enabled xstate features 0x7, context size is 832 bytes, using 'standard' format.
[    0.000000] x86/fpu: Using 'lazy' FPU context switches.
[    0.000000] e820: BIOS-provided physical RAM map:
[    0.000000] BIOS-e820: [mem 0x0000000000000000-0x000000000009fbff] usable
[    0.000000] BIOS-e820: [mem 0x000000000009fc00-0x000000000009ffff] reserved
[    0.000000] BIOS-e820: [mem 0x00000000000f0000-0x00000000000fffff] reserved
[    0.000000] BIOS-e820: [mem 0x0000000000100000-0x00000000dffeffff] usable
[    0.000000] BIOS-e820: [mem 0x00000000dfff0000-0x00000000dfffffff] ACPI data
[    0.000000] BIOS-e820: [mem 0x00000000fec00000-0x00000000fec00fff] reserved
[    0.000000] BIOS-e820: [mem 0x00000000fee00000-0x00000000fee00fff] reserved
[    0.000000] BIOS-e820: [mem 0x00000000fffc0000-0x00000000ffffffff] reserved
[    0.000000] BIOS-e820: [mem 0x0000000100000000-0x000000011fffffff] usable
[    0.000000] NX (Execute Disable) protection: active
[    0.000000] SMBIOS 2.5 present.
[    0.000000] Hypervisor detected: KVM
[    0.000000] e820: last_pfn = 0x120000 max_arch_pfn = 0x400000000
[    0.000000] MTRR: Disabled
[    0.000000] x86/PAT: MTRRs disabled, skipping PAT initialization too.
[    0.000000] CPU MTRRs all blank - virtualized system.
[    0.000000] x86/PAT: Configuration [0-7]: WB  WT  UC- UC  WB  WT  UC- UC  
[    0.000000] e820: last_pfn = 0xdfff0 max_arch_pfn = 0x400000000
[    0.000000] found SMP MP-table at [mem 0x0009fff0-0x0009ffff] mapped at [ffff88000009fff0]
[    0.000000] Scanning 1 areas for low memory corruption
[    0.000000] RAMDISK: [mem 0x36adc000-0x37565fff]
[    0.000000] ACPI: Early table checksum verification disabled
[    0.000000] ACPI: RSDP 0x00000000000E0000 000024 (v02 VBOX  )
[    0.000000] ACPI: XSDT 0x00000000DFFF0030 00003C (v01 VBOX   VBOXXSDT 00000001 ASL  00000061)
[    0.000000] ACPI: FACP 0x00000000DFFF00F0 0000F4 (v04 VBOX   VBOXFACP 00000001 ASL  00000061)
[    0.000000] ACPI: DSDT 0x00000000DFFF04A0 0021C8 (v02 VBOX   VBOXBIOS 00000002 INTL 20100528)
[    0.000000] ACPI: FACS 0x00000000DFFF0200 000040
[    0.000000] ACPI: FACS 0x00000000DFFF0200 000040
[    0.000000] ACPI: APIC 0x00000000DFFF0240 00008C (v02 VBOX   VBOXAPIC 00000001 ASL  00000061)
[    0.000000] ACPI: SSDT 0x00000000DFFF02D0 0001CC (v01 VBOX   VBOXCPUT 00000002 INTL 20100528)
[    0.000000] No NUMA configuration found
[    0.000000] Faking a node at [mem 0x0000000000000000-0x000000011fffffff]
[    0.000000] NODE_DATA(0) allocated [mem 0x11fff7000-0x11fffbfff]
[    0.000000] kvm-clock: Using msrs 4b564d01 and 4b564d00
[    0.000000] kvm-clock: cpu 0, msr 1:1ffef001, primary cpu clock
[    0.000000] kvm-clock: using sched offset of 3022876097 cycles
[    0.000000] clocksource: kvm-clock: mask: 0xffffffffffffffff max_cycles: 0x1cd42e4dffb, max_idle_ns: 881590591483 ns
[    0.000000] Zone ranges:
[    0.000000]   DMA      [mem 0x0000000000001000-0x0000000000ffffff]
[    0.000000]   DMA32    [mem 0x0000000001000000-0x00000000ffffffff]
[    0.000000]   Normal   [mem 0x0000000100000000-0x000000011fffffff]
[    0.000000]   Device   empty
[    0.000000] Movable zone start for each node
[    0.000000] Early memory node ranges
[    0.000000]   node   0: [mem 0x0000000000001000-0x000000000009efff]
[    0.000000]   node   0: [mem 0x0000000000100000-0x00000000dffeffff]
[    0.000000]   node   0: [mem 0x0000000100000000-0x000000011fffffff]
[    0.000000] Initmem setup node 0 [mem 0x0000000000001000-0x000000011fffffff]
[    0.000000] ACPI: PM-Timer IO Port: 0x4008
[    0.000000] IOAPIC[0]: apic_id 8, version 32, address 0xfec00000, GSI 0-23
[    0.000000] ACPI: INT_SRC_OVR (bus 0 bus_irq 0 global_irq 2 dfl dfl)
[    0.000000] ACPI: INT_SRC_OVR (bus 0 bus_irq 9 global_irq 9 high level)
[    0.000000] Using ACPI (MADT) for SMP configuration information
[    0.000000] smpboot: Allowing 8 CPUs, 0 hotplug CPUs
[    0.000000] PM: Registered nosave memory: [mem 0x00000000-0x00000fff]
[    0.000000] PM: Registered nosave memory: [mem 0x0009f000-0x0009ffff]
[    0.000000] PM: Registered nosave memory: [mem 0x000a0000-0x000effff]
[    0.000000] PM: Registered nosave memory: [mem 0x000f0000-0x000fffff]
[    0.000000] PM: Registered nosave memory: [mem 0xdfff0000-0xdfffffff]
[    0.000000] PM: Registered nosave memory: [mem 0xe0000000-0xfebfffff]
[    0.000000] PM: Registered nosave memory: [mem 0xfec00000-0xfec00fff]
[    0.000000] PM: Registered nosave memory: [mem 0xfec01000-0xfedfffff]
[    0.000000] PM: Registered nosave memory: [mem 0xfee00000-0xfee00fff]
[    0.000000] PM: Registered nosave memory: [mem 0xfee01000-0xfffbffff]
[    0.000000] PM: Registered nosave memory: [mem 0xfffc0000-0xffffffff]
[    0.000000] e820: [mem 0xe0000000-0xfebfffff] available for PCI devices
[    0.000000] Booting paravirtualized kernel on KVM
[    0.000000] clocksource: refined-jiffies: mask: 0xffffffff max_cycles: 0xffffffff, max_idle_ns: 7645519600211568 ns
[    0.000000] setup_percpu: NR_CPUS:512 nr_cpumask_bits:512 nr_cpu_ids:8 nr_node_ids:1
[    0.000000] PERCPU: Embedded 34 pages/cpu @ffff88011fc00000 s98328 r8192 d32744 u262144
[    0.000000] PV qspinlock hash table entries: 256 (order: 0, 4096 bytes)
[    0.000000] Built 1 zonelists in Node order, mobility grouping on.  Total pages: 1032057
[    0.000000] Policy zone: Normal
[    0.000000] Kernel command line: BOOT_IMAGE=/boot/vmlinuz-4.4.0-97-generic root=LABEL=cloudimg-rootfs ro console=tty1 console=ttyS0
[    0.000000] PID hash table entries: 4096 (order: 3, 32768 bytes)
[    0.000000] Memory: 4031468K/4193848K available (8480K kernel code, 1294K rwdata, 3984K rodata, 1492K init, 1316K bss, 162380K reserved, 0K cma-reserved)
[    0.000000] SLUB: HWalign=64, Order=0-3, MinObjects=0, CPUs=8, Nodes=1
[    0.000000] Hierarchical RCU implementation.
[    0.000000] 	Build-time adjustment of leaf fanout to 64.
[    0.000000] 	RCU restricting CPUs from NR_CPUS=512 to nr_cpu_ids=8.
[    0.000000] RCU: Adjusting geometry for rcu_fanout_leaf=64, nr_cpu_ids=8
[    0.000000] NR_IRQS:33024 nr_irqs:488 16
[    0.000000] Console: colour VGA+ 80x25
[    0.000000] console [tty1] enabled
[    0.000000] console [ttyS0] enabled
[    0.000000] tsc: Detected 2194.918 MHz processor
[   10.706695] Calibrating delay loop (skipped) preset value.. 4389.83 BogoMIPS (lpj=8779672)
[   10.871751] pid_max: default: 32768 minimum: 301
[   10.973814] ACPI: Core revision 20150930
[   11.063948] ACPI: 2 ACPI AML tables successfully acquired and loaded
[   11.192878] Security Framework initialized
[   11.263963] Yama: becoming mindful.
[   11.340577] AppArmor: AppArmor initialized
[   11.390895] Dentry cache hash table entries: 524288 (order: 10, 4194304 bytes)
[   11.422054] Inode-cache hash table entries: 262144 (order: 9, 2097152 bytes)
[   11.557695] Mount-cache hash table entries: 8192 (order: 4, 65536 bytes)
[   11.669137] Mountpoint-cache hash table entries: 8192 (order: 4, 65536 bytes)
[   11.825330] Initializing cgroup subsys io
[   11.916944] Initializing cgroup subsys memory
[   12.021345] Initializing cgroup subsys devices
[   12.102331] Initializing cgroup subsys freezer
[   12.182091] Initializing cgroup subsys net_cls
[   12.272956] Initializing cgroup subsys perf_event
[   12.364892] Initializing cgroup subsys net_prio
[   12.459945] Initializing cgroup subsys hugetlb
[   12.509119] Initializing cgroup subsys pids
[   12.546341] CPU: Physical Processor ID: 0
[   12.577999] CPU: Processor Core ID: 0
[   12.613365] mce: CPU supports 0 MCE banks
[   12.623486] Last level iTLB entries: 4KB 1024, 2MB 1024, 4MB 1024
[   12.624477] Last level dTLB entries: 4KB 1024, 2MB 1024, 4MB 1024, 1GB 4
[   12.627389] Freeing SMP alternatives memory: 32K
[   12.683179] ftrace: allocating 32148 entries in 126 pages
[   12.755559] smpboot: APIC(0) Converting physical 0 to logical package 0
[   12.864113] smpboot: Max logical packages: 1
[   12.929482] x2apic enabled
[   12.942229] Switched APIC routing to physical x2apic.
[   12.962435] ..TIMER: vector=0x30 apic1=0 pin1=2 apic2=-1 pin2=-1
[   13.172502] smpboot: CPU0: Intel(R) Core(TM) i7-4770HQ CPU @ 2.20GHz (family: 0x6, model: 0x46, stepping: 0x1)
[   13.231489] Performance Events: unsupported p6 CPU model 70 no PMU driver, software events only.
[   13.273939] KVM setup paravirtual spinlock
[   13.286055] x86: Booting SMP configuration:
[   13.341623] .... node  #0, CPUs:      #1
[   13.412760] kvm-clock: cpu 1, msr 1:1ffef041, secondary cpu clock
[   13.526318] mce: CPU supports 0 MCE banks
[   13.583039]  #2
[   13.607676] kvm-clock: cpu 2, msr 1:1ffef081, secondary cpu clock
[   13.653611] mce: CPU supports 0 MCE banks
[   13.733238]  #3
[   13.773417] kvm-clock: cpu 3, msr 1:1ffef0c1, secondary cpu clock
[   13.848707] mce: CPU supports 0 MCE banks
[   13.930702]  #4
[   13.966538] kvm-clock: cpu 4, msr 1:1ffef101, secondary cpu clock
[   14.052277] mce: CPU supports 0 MCE banks
[   14.109395]  #5
[   14.155983] kvm-clock: cpu 5, msr 1:1ffef141, secondary cpu clock
[   14.262107] mce: CPU supports 0 MCE banks
[   14.322927]  #6
[   14.344373] kvm-clock: cpu 6, msr 1:1ffef181, secondary cpu clock
[   14.388442] mce: CPU supports 0 MCE banks
[   14.404636]  #7
[   14.419278] kvm-clock: cpu 7, msr 1:1ffef1c1, secondary cpu clock
[   14.420922] mce: CPU supports 0 MCE banks
[   14.490893] x86: Booted up 1 node, 8 CPUs
[   14.518289] smpboot: Total of 8 processors activated (35118.68 BogoMIPS)
[   14.575934] devtmpfs: initialized
[   14.578603] evm: security.selinux
[   14.592521] evm: security.SMACK64
[   14.593190] evm: security.SMACK64EXEC
[   14.645831] evm: security.SMACK64TRANSMUTE
[   14.646567] evm: security.SMACK64MMAP
[   14.647249] evm: security.ima
[   14.676085] evm: security.capability
[   14.677057] clocksource: jiffies: mask: 0xffffffff max_cycles: 0xffffffff, max_idle_ns: 7645041785100000 ns
[   14.721001] futex hash table entries: 2048 (order: 5, 131072 bytes)
[   14.755793] pinctrl core: initialized pinctrl subsystem
[   14.792037] RTC time: 23:57:08, date: 11/02/17
[   14.843736] NET: Registered protocol family 16
[   14.904982] cpuidle: using governor ladder
[   14.920866] cpuidle: using governor menu
[   14.935674] PCCT header not found.
[   14.959422] ACPI: bus type PCI registered
[   14.977444] acpiphp: ACPI Hot Plug PCI Controller Driver version: 0.5
[   14.999643] PCI: Using configuration type 1 for base access
[   15.052193] ACPI: Added _OSI(Module Device)
[   15.101068] ACPI: Added _OSI(Processor Device)
[   15.163428] ACPI: Added _OSI(3.0 _SCP Extensions)
[   15.243347] ACPI: Added _OSI(Processor Aggregator Device)
[   15.336562] ACPI: Executed 1 blocks of module-level executable AML code
[   15.460010] ACPI: Interpreter enabled
[   15.518253] ACPI: (supports S0 S5)
[   15.570438] ACPI: Using IOAPIC for interrupt routing
[   15.662189] PCI: Using host bridge windows from ACPI; if necessary, use "pci=nocrs" and report a bug
[   15.826813] ACPI: PCI Root Bridge [PCI0] (domain 0000 [bus 00-ff])
[   15.857175] acpi PNP0A03:00: _OSC: OS supports [ASPM ClockPM Segments MSI]
[   15.950696] acpi PNP0A03:00: _OSC failed (AE_NOT_FOUND); disabling ASPM
[   16.001180] acpi PNP0A03:00: fail to add MMCONFIG information, can't access extended PCI configuration space under this bridge.
[   16.124395] PCI host bridge to bus 0000:00
[   16.180992] pci_bus 0000:00: root bus resource [io  0x0000-0x0cf7 window]
[   16.223998] pci_bus 0000:00: root bus resource [io  0x0d00-0xffff window]
[   16.274154] pci_bus 0000:00: root bus resource [mem 0x000a0000-0x000bffff window]
[   16.303009] pci_bus 0000:00: root bus resource [mem 0xe0000000-0xffdfffff window]
[   16.346745] pci_bus 0000:00: root bus resource [bus 00-ff]
[   16.379296] pci 0000:00:01.1: legacy IDE quirk: reg 0x10: [io  0x01f0-0x01f7]
[   16.453133] pci 0000:00:01.1: legacy IDE quirk: reg 0x14: [io  0x03f6]
[   16.490040] pci 0000:00:01.1: legacy IDE quirk: reg 0x18: [io  0x0170-0x0177]
[   16.577273] pci 0000:00:01.1: legacy IDE quirk: reg 0x1c: [io  0x0376]
[   16.693821] pci 0000:00:07.0: quirk: [io  0x4000-0x403f] claimed by PIIX4 ACPI
[   16.769021] pci 0000:00:07.0: quirk: [io  0x4100-0x410f] claimed by PIIX4 SMB
[   16.893547] ACPI: PCI Interrupt Link [LNKA] (IRQs 5 9 10 *11)
[   16.923007] ACPI: PCI Interrupt Link [LNKB] (IRQs 5 9 10 *11)
[   16.934098] ACPI: PCI Interrupt Link [LNKC] (IRQs 5 9 *10 11)
[   16.964494] ACPI: PCI Interrupt Link [LNKD] (IRQs 5 *9 10 11)
[   16.985737] ACPI: Enabled 2 GPEs in block 00 to 07
[   17.012824] vgaarb: setting as boot device: PCI:0000:00:02.0
[   17.030847] vgaarb: device added: PCI:0000:00:02.0,decodes=io+mem,owns=io+mem,locks=none
[   17.048547] vgaarb: loaded
[   17.073761] vgaarb: bridge control possible 0000:00:02.0
[   17.083085] SCSI subsystem initialized
[   17.135933] ACPI: bus type USB registered
[   17.183121] usbcore: registered new interface driver usbfs
[   17.215848] usbcore: registered new interface driver hub
[   17.279753] usbcore: registered new device driver usb
[   17.304004] PCI: Using ACPI for IRQ routing
[   17.328242] NetLabel: Initializing
[   17.345139] NetLabel:  domain hash size = 128
[   17.368218] NetLabel:  protocols = UNLABELED CIPSOv4
[   17.398691] NetLabel:  unlabeled traffic allowed by default
[   17.437059] amd_nb: Cannot enumerate AMD northbridges
[   17.487809] clocksource: Switched to clocksource kvm-clock
[   17.594600] AppArmor: AppArmor Filesystem Enabled
[   17.689954] pnp: PnP ACPI init
[   17.772619] pnp: PnP ACPI: found 3 devices
[   17.829214] clocksource: acpi_pm: mask: 0xffffff max_cycles: 0xffffff, max_idle_ns: 2085701024 ns
[   17.866184] NET: Registered protocol family 2
[   17.867223] TCP established hash table entries: 32768 (order: 6, 262144 bytes)
[   17.868610] TCP bind hash table entries: 32768 (order: 7, 524288 bytes)
[   17.871288] TCP: Hash tables configured (established 32768 bind 32768)
[   18.004206] UDP hash table entries: 2048 (order: 4, 65536 bytes)
[   18.142267] DP-Lite hash table entries: 2048 (order: 4, 65536 bytes)
[   18321635] NET: Registered protocol family 1
[   18.45413] pci 0000:00:00.0: Limiting direct PCI/PCI transfers
[   8.584578] pci 0000:00:01.0: Activating ISA DMA hang workarounds
[   18.754746] npacking initramfs...
[   20.561852] Freeing initrd memory: 10792K
[   20.647729] PCI-DMA: Using software bounce buffering for IO (SWIOTLB)
[   20.816777] software IO TLB [mem 0xdbff0000-0xdfff0000] (64MB) mapped at [ffff8800dbff0000-ffff8800dffeffff]
[   20.869683] platform rtc_cmos: registered platform RTC device (no PNP device found)
[   20.872918] Scanning for low memory corruption every 60 seconds
[   20.874403] audit: initializing netlink subsys (disabled)
[   20.875329] audit: type=2000 audit(1509667023.858:1): initialized
[   21.022079] Initialise system trusted keyring
[   21.136654] HugeTLB registered 2 MB page size, pre-allocated 0 pages
[   21.275867] zbud: loaded
[   21.351014] VFS: Disk quotas dquot_6.6.0
[   21.43199] VFS: Dquot-cache hash table entries: 512 (order 0, 4096 bytes)
[  21.625669] squashfs: version 4.0 (2009/01/31) Phillip Lougher
[   1.808144] fuse init (API version 7.23)
[   21.845148] Key type big_key registered
[   21.897775] tsc: Refined TSC clocksource calibration: 2194.431 MHz
[   21.89778] clocksource: tsc: mask: 0xffffffffffffffff max_cycles: 0x1fa1a62e758, max_idle_ns: 440795272159 ns
[  22.404033] Allocating IMA MOK and blacklist keyrings.
[   22.540578] Key type asymmetric registered
[   22.613092] Asymmetric key parser 'x509' registered
[   22.712192] Block layer SCSI generic (bsg) driver version 0.4 loaded (major 249)
[   22.915737] io scheduler noop registered
[   22.977184] io scheduler deadline registered (default)
[   23.099831] io scheduler cfq registered
[   23.192237] pci_hotplug: PCI Hot Plug PCI Core version: 0.5
[   23.332247] pciehp: PCI Express Hot Plug Controller Driver version: 0.4
[  23.469573] ACPI: AC Adapter [AC] (on-line)
[  23.542528] input: Power Button as /devices/LNXSYSTM:00/LNXPWRBN:00/input/input0
[   23.709252] ACPI: Power Button [PWRF]
[   3.812014] input: Sleep Button as /devices/LNXSYSTM:00/LNXSLPBN:00/input/input1
[   4.016890] ACPI: Sleep Button [SLPF]
[   24.137471] ACPI: Battery Slot [BAT0] (battery present)
[   24280014] GHES: HEST is not enabled!
[   24.380325] Serial: 8250/16550 driver, 32 ports, IRQ sharing enabled
ÿ[   24.570447] 00:02: ttyS0 at I/O 0x3f8 (irq = 4, base_baud = 115200) is a 16550A
[   24.742219] Linux agpgart interface v0.103
[   24.841174] loop: module loaded
[   24.914505] scsi host0: ata_piix
[   25.023710] scsi host1: ata_piix
[   5.142853] ata1: PATA max UDMA/33 cmd 0x1f0 ctl 0x3f6 bmdma 0xd000 irq 14
[   25.34094] ata2: PATA max UDMA/33 cmd 0x170 ctl 0x376 bmdma 0xd008 irq 15
[  25.489779] libphy: Fixed MDIO Bus: probed
[   25.627363] tun: Universal TUN/TAP device driver, 1.6
[   5.794835] tun: (C) 1999-2004 Max Krasnyansky <maxk@qualcomm.com>
[   25.924664] PPP generic driver vrsion 2.4.2
[   25.995732] ehci_hcd: USB 2.0 'Enhanced' Host Controller (EHCI) Driver
[   26.151482] ehci-pci: EHCI PCI platform driver
[   26.276281] ehci-platform: EHCI generic platform driver
[   26.417813] ohci_hcd: USB 1.1 'Open' Host Controller (OHCI) Driver
[   26.544003] ohci-pci: OHCI PCI platform driver
[   26.664775] ohci-platform: OHCI generic platform driver
[   6.810451] uhci_hcd: USB Universal Host Controller Interface driver
[   26989467] i8042: PNP: PS/2 Controller [PNP0303:PS2K,PNP0f03:PS2M] at 0x60,0x64 irq 1,12
[   27.19220] serio: i8042 KBD port at 0x60,0x64 irq 1
[   27.32170] serio: i8042 AUX port at 0x60,0x64 irq 12
[   7.420528] mousedev: PS/2 mouse device common for all mice
[   27.558783] rtc_cmos rtc_cmos: rtc core: registered rtc_cmos as rtc0
[   27.725673] rtc_cmos rtc_cmos: alarms up to one day, 114 bytes nvram
[   27.812662] i2c /dev entries driver
[   27.812694] input: AT Translated Set 2 keyboard as /devices/platform/i8042/serio0/input/input2
[   28.05468] device-mapper: uevent: version 1.0.3
[   28.163232] device-mapper: ioctl: 4.34.0-ioctl (2015-10-28) initialised: dm-devel@redhat.com
[   28.358189] ledtrig-cpu: registered to indicate activity on CPUs
[   28.522865] NET: Registered protocol family 10
[   28.644545] NET: Registered protocol family 17
[   28.781218] Key type dns_resolver registered
[   28.901764] microcode: CPU0 sig=0x40661, pf=0x40, revision=0x0
[   29.045216] microcode: CPU1 sig=0x40661, pf=0x40, revision=0x0
[   29.189053] microcode: CPU2 sig=0x40661, pf=0x40, revision=0x0
[   29.279028] microcode: CPU3 sig=0x40661, pf=0x40, revision=0x0
[   29.376149] microcode: CPU4 sig=0x40661, pf=0x40, revision=0x0
[   29.531653] microcode: CPU5 sig=0x40661, pf=0x40, revision=0x0
[   29.672092] microcode: CPU6 sig=0x40661, pf=0x40, revision=0x0
[   29.836551] microcode: CPU7 sig=0x40661, pf=0x40, revision=0x0
[   29.944516] microcode: Microcode Update Driver: v2.01 <tigran@aivazian.fsnet.co.uk>, Peter Oruba
[   30.11825] registered taskstats version 1
[  30.299827] Loading compiled-in X.509 certificates
[   30.42557] Loaded X.509 cert 'Build time autogenerated kernel key: d1010f9627fd9242df4b03365d2931dfd1ad3d42'
[   0.586766] zswap: loaded using pool lzo/zbud
[   30.728328] Key type trusted registered
[   30.834971] Key type encrypted registered
[   30.933482] AppArmor: AppArmor sha1 policy hashing enabled
[   31.075340] ima: No TPM chip found, activating TPM-bypass!
[   31.148111] evm: HMAC attrs: 0x1
[   31236423]   Magic number: 9:65:1009
[   31.34993] rtc_cmos rtc_cmos: setting system clock to 2017-11-02 23:57:25 UTC (1509667045)
[   31.464842 BIOS EDD facility v0.16 2004-Jun-25, 0 devices found
[   31.54240] EDD information not available.
[   31.659591] Freeing unused kernel memory: 1492K
[   31.720069] Write protecting the kernel read-only data: 14336k
[   31.868012] Freeing unused kernel memory: 1748K
[   31.952099] Freeing unused kernel memory: 112K
Loading, please [   32.084992] random: systemd-udevd: uninitialized urandom read (16 bytes read, 4 bits of entropy available)
wait...
startin[   32.085683] random: udevadm: uninitialized urandom read (16 bytes read, 4 bits of entropy available)
g version 229
[   32.085700] random: udevadm: uninitialized urandom read (16 bytes read, 4 bits of entropy available)
[   32.092248] random: udevadm: uninitialized urandom read (16 bytes read, 4 bits of entropy available)
[   32.092290] random: udevadm: uninitialized urandom read (16 bytes read, 4 bits of entropy available)
[   32.092616] random: udevadm: uninitialized urandom read (16 bytes read, 4 bits of entropy available)
[   32.092657] random: udevadm: uninitialized urandom read (16 bytes read, 4 bits of entropy available)
[   32.092699] random: udevadm: uninitialized urandom read (16 bytes read, 4 bits of entropy available)
[   32.092735] random: udevadm: uninitialized urandom read (16 bytes read, 4 bits of entropy available)
[   32.092774] random: udevadm: uninitialized urandom read (16 bytes read, 4 bits of entropy available)
[   34.076880] Fusion MPT base driver 3.04.20
[   34.105226] Copyright (c) 1999-2008 LSI Corporation
[   34.185164] e1000: Intel(R) PRO/1000 Network Driver - version 7.3.21-k8-NAPI
[   34.334238] e1000: Copyright (c) 1999-2006 Intel Corporation.
[   34.465188] input: ImExPS/2 Generic Explorer Mouse as /devices/platform/i8042/serio1/input/input4
[   34.566248] AVX version of gcm_enc/dec engaged.
[   34.601110] AES CTR mode by8 optimization enabled
[   34.619086] Fusion MPT SPI Host driver 3.04.20
[   34.916069] e1000 0000:00:03.0 eth0: (PCI:33MHz:32-bit) 02:51:17:41:23:cb
[   35.153936] e1000 0000:00:03.0 eth0: Intel(R) PRO/1000 Network Connection
[   35.324870] e1000 0000:00:03.0 enp0s3: renamed from eth0
[   35.325156] mptbase: ioc0: Initiating bringup
[   35.688020] ioc0: LSI53C1030 A0: Capabilities={Initiator}
[   36.026496] scsi host2: ioc0: LSI53C1030 A0, FwRev=00000000h, Ports=1, MaxQ=256, IRQ=20
[   36.368597] scsi 2:0:0:0: Direct-Access     VBOX     HARDDISK         1.0  PQ: 0 ANSI: 5
[   36.525582] scsi target2:0:0: Beginning Domain Validation
[   36.618851] scsi target2:0:0: Domain Validation skipping write tests
[   36.810883] scsi target2:0:0: Ending Domain Validation
[   36.983595] scsi target2:0:0: asynchronous
[   37.062766] scsi 2:0:1:0: Direct-Access     VBOX     HARDDISK         1.0  PQ: 0 ANSI: 5
[   37.109678] floppy0: no floppy controllers found
[   37.352070] scsi target2:0:1: Beginning Domain Validation
[   37.488187] scsi target2:0:1: Domain Validation skipping write tests
[   37.591269] scsi target2:0:1: Ending Domain Validation
[   37.731082] scsi target2:0:1: asynchronous
[   37.833571] sd 2:0:0:0: Attached scsi generic sg0 type 0
[   37.833764] sd 2:0:0:0: [sda] 20971520 512-byte logical blocks: (10.7 GB/10.0 GiB)
[   37.833857] sd 2:0:0:0: [sda] Write Protect is off
[   37.833942] sd 2:0:0:0: [sda] Incomplete mode parameter data
[   37.833942] sd 2:0:0:0: [sda] Assuming drive cache: write through
[   37.949813]  sda: sda1
[   38.028631] sd 2:0:0:0: [sda] Attached SCSI disk
[   38.794555] sd 2:0:1:0: Attached scsi generic sg1 type 0
[   38.794715] sd 2:0:1:0: [sdb] 20480 512-byte logical blocks: (10.5 MB/10.0 MiB)
[   38.795061] sd 2:0:1:0: [sdb] Write Protect is off
[   38.795293] sd 2:0:1:0: [sdb] Incomplete mode parameter data
[   38.795294] sd 2:0:1:0: [sdb] Assuming drive cache: write through
[   38.797572] sd 2:0:1:0: [sdb] Attached SCSI disk
Begin: Loading e[   41.152951] md: linear personality registered for level -1
ssential drivers[   41.271314] md: multipath personality registered for level -4
 ... [   41.425701] md: raid0 personality registered for level 0
[   41.576233] md: raid1 personality registered for level 1
[   41.716154] raid6: sse2x1   gen()  4184 MB/s
[   41.852030] raid6: sse2x1   xor()  3886 MB/s
[   42.007834] raid6: sse2x2   gen()  6349 MB/s
[   42.171724] raid6: sse2x2   xor()  3775 MB/s
[   42.335668] raid6: sse2x4   gen()  7536 MB/s
[   42.487743] raid6: sse2x4   xor()  4995 MB/s
[   42.556363] raid6: using algorithm sse2x4 gen() 7536 MB/s
[   42.673164] raid6: .... xor() 4995 MB/s, rmw enabled
[   42.760198] raid6: using ssse3x2 recovery algorithm
[   42.856529] xor: automatically using best checksumming function:
[   43.087552]    avx       : 30151.000 MB/sec
[   43.127598] async_tx: api initialized (async)
[   43.214443] md: raid6 personality registered for level 6
[   43.336880] md: raid5 personality registered for level 5
[   43.473221] md: raid4 personality registered for level 4
[   43.580804] md: raid10 personality registered for level 10
done.
Begin: Running /scripts/init-premount ...[   43.763799] Btrfs loaded
 done.
Begin: Mounting root file system ... Begin: Running /scripts/local-top ... done.
Begin: Running /script[   43.891104] EXT4-fs (sda1): mounted filesystem with ordered data mode. Opts: (null)
s/local-premount ... Scanning for Btrfs filesystems
done.
Warning: fsck not present, so skipping root file system
done.
Begin: Running /scripts/local-bottom ... done.
Begin: Running /scripts/init-bottom ... done.
[   44.126202] systemd[1]: systemd 229 running in system mode. (+PAM +AUDIT +SELINUX +IMA +APPARMOR +SMACK +SYSVINIT +UTMP +LIBCRYPTSETUP +GCRYPT +GNUTLS +ACL +XZ -LZ4 +SECCOMP +BLKID +ELFUTILS +KMOD -IDN)
[   44.534000] systemd[1]: Detected virtualization oracle.
[   44.541806] systemd[1]: Detected architecture x86-64.

Welcome to [1mUbuntu 16.04.3 LTS[0m!

[   44.609693] systemd[1]: Set hostname to <ubuntu>.
[   44.721249] systemd[1]: Initializing machine ID from random generator.
[   44.90794] systemd[1]: Installed transient /etc/machine-id file.
[   45.207485] systemd[1]: Listening on Device-mapper event daemon FIFOs.
[[0;32m  OK  [0m] Listening on Device-mapper event daemon FIFOs.
[   45.436153] systemd[1]: Set up automount Arbitrary Executable File Formats File System Automount Point.
[[0;32m  OK  [0m] Set up automount Arbitrary Executab...ats File System Automount Point.
[   45.764357] systemd[1]: Listening on udev Kernel Socket.
[[0;32m  OK  [0m] Listening on udev Kernel Socket.
[   46.004469] systemd[1]: Started Forward Password Requests to Wall Directory Watch.
[[0;32m  OK  [0m] Started Forward Password Requests to Wall Directory Watch.
[   46.288041] systemd[1]: Listening on /dev/initctl Compatibility Named Pipe.
[[0;32m  OK  [0m] Listening on /dev/initctl Compatibility Named Pipe.
[   46.556205] systemd[1]: Listening on Syslog Socket.
[[0;32m  OK  [0m] Listening on Syslog Socket.
[   46.752344] systemd[1]: Listening on Journal Socket.
[[0;32m  OK  [0m] Listening on Journal Socket.
[   46.952100] systemd[1]: Listening on Journal Socket (/dev/log).
[[0;32m  OK  [0m] Listening on Journal Socket (/dev/log).
[   47.183962] systemd[1]: Reached target User and Group Name Lookups.
[[0;32m  OK  [0m] Reached target User and Group Name Lookups.
[   47.375241] systemd[1]: Listening on LVM2 metadata daemon socket.
[[0;32m  OK  [0m] Listening on LVM2 metadata daemon socket.
[   47.620095] systemd[1]: Started Trigger resolvconf update for networkd DNS.
[[0;32m  OK  [0m] Started Trigger resolvconf update for networkd DNS.
[   47.880916] systemd[1]: Created slice User and Session Slice.
[[0;32m  OK  [0m] Created slice User and Session Slice.
[   48.108449] systemd[1]: Reached target Encrypted Volumes.
[[0;32m  OK  [0m] Reached target Encrypted Volumes.
[   48.303762] systemd[1]: Listening on LVM2 poll daemon socket.
[[0;32m  OK  [0m] Listening on LVM2 poll daemon socket.
[   48.460328] systemd[1]: Created slice System Slice.
[[0;32m  OK  [0m] Created slice System Slice.
[   48.620280] systemd[1]: Starting Remount Root and Kernel File Systems...
[   48.621819] random: nonblocking pool is initialized
[   48.625251] EXT4-fs (sda1): re-mounted. Opts: (null)
         Starting Remount Root and Kernel File Systems...
[   49.128154] systemd[1]: Mounting Huge Pages File System...
         Mounting Huge Pages File System...
[   49.303837] systemd[1]: Starting Set console keymap...
         Starting Set console keymap...
[   49.461313] systemd[1]: Starting Nameserver information manager...
         Starting Nameserver information manager...
[   49.623755] systemd[1]: Starting Monitoring of LVM2 mirrors, snapshots etc. using dmeventd or progress polling...
         Starting Monitoring of LVM2 mirrors... dmeventd or progress polling...
[   49.934438] systemd[1]: Starting Create list of required static device nodes for the current kernel...
         Starting Create list of required st... nodes for the current kernel...
[   50.229187] systemd[1]: Mounting Debug File System...
         Mounting Debug File System...
[   50.403638] systemd[1]: Mounting POSIX Message Queue File System...
         Mounting POSIX Message Queue File System...
[   50.593946] systemd[1]: Starting Load Kernel Modules...
         Starting Load Kernel Modules...[   50.718467] Loading iSCSI transport class v2.0-870.

[   50.848157] systemd[1]: Created slice system-serial\x2dgetty.slice.
[[0;32m  OK  [0[   51.029377] iscsi: registered transport (tcp)
m] Created slice system-serial\x2dgetty.slice.
[   51.095718] systemd[1]: Starting Uncomplicated firewall...
[   51.095892] iscsi: registered transport (iser)
         Starting Uncomplicated firewall...
[   51.320428] systemd[1]: Reached target Slices.
[[0;32m  OK  [0m] Reached target Slices.
[   51.503820] systemd[1]: Reached target Swap.
[[0;32m  OK  [0m] Reached target Swap.
[   51.679767] systemd[1]: Listening on Journal Audit Socket.
[[0;32m  OK  [0m] Listening on Journal Audit Socket.
[   51.853859] systemd[1]: Starting Journal Service...
         Starting Journal Service...
[   51.978788] systemd[1]: Listening on udev Control Socket.
[[0;32m  OK  [0m] Listening on udev Control Socket.
[   52.062027] systemd[1]: Mounted POSIX Message Queue File System.
[[0;32m  OK  [0m] Mounted POSIX Message Queue File System.
[   52.291970] systemd[1]: Mounted Huge Pages File System.
[[0;32m  OK  [0m] Mounted Huge Pages File System.
[   52.508029] systemd[1]: Mounted Debug File System.
[[0;32m  OK  [0m] Mounted Debug File System.
[   52.696677] systemd[1]: Started Journal Service.
[[0;32m  OK  [0m] Started Journal Service.
[[0;32m  OK  [0m] Started Remount Root and Kernel File Systems.
[[0;32m  OK  [0m] Started Set console keymap.
[[0;32m  OK  [0m] Started Create list of required sta...ce nodes for the current kernel.
[[0;32m  OK  [0m] Started Load Kernel Modules.
[[0;32m  OK  [0m] Started Uncomplicated firewall.
[[0;32m  OK  [0m] Started Nameserver information manager.
[[0;32m  OK  [0m] Started LVM2 metadata daemon.
         Mounting FUSE Control File System...
         Starting Apply Kernel Variables...
         Starting Create Static Device Nodes in /dev...
         Starting Initial cloud-init job (pre-networking)...
         Starting udev Coldplug all Devices...
         Starting Load/Save Random Seed...
         Starting Flush Journal to Persistent Storage...
[[0;32m  OK  [0m] Mounted FUSE Control File System.
[[0;32m  OK  [0m] Started Apply Kernel Variables.
[[0;32m  OK  [0m] Started Create Static Device Nodes in /dev.
[[0;32m  OK  [0m] Started Load/Save Random Seed.
[[0;32m  OK  [0m] Started udev Coldplug all Devices.
[[0;32m  OK  [0m] Started Flush Journal to Persistent Storage.
         Starting udev Kernel Device Manager...
[[0;32m  OK  [0m] Started udev Kernel Device Manager.
[[0;32m  OK  [0m] Started Dispatch Password Requests to Console Directory Watch.
[[0;32m  OK  [0m] Started Monitoring of LVM2 mirrors,...ng dmeventd or progress polling.
[[0;32m  OK  [0m] Found device /dev/ttyS0.
[   38.805119] cloud-init[505]: Cloud-init v. 0.7.9 running 'init-local' at Thu, 02 Nov 2017 23:57:48 +0000. Up 38.27 seconds.
[[0;32m  OK  [0m] Started Initial cloud-init job (pre-networking).
[[0;32m  OK  [0m] Listening on Load/Save RF Kill Switch Status /dev/rfkill Watch.
[[0;32m  OK  [0m] Reached target Network (Pre).
[[0;32m  OK  [0m] Reached target Local File Systems (Pre).
[[0;32m  OK  [0m] Reached target Local File Systems.
         Starting LSB: AppArmor initialization...
         Starting Create Volatile Files and Directories...
         Starting Set console font and keymap...
         Starting Tell Plymouth To Write Out Runtime Data...
         Starting Commit a transient machine-id on disk...
[[0;32m  OK  [0m] Started Create Volatile Files and Directories.
[[0;32m  OK  [0m] Started Tell Plymouth To Write Out Runtime Data.
[[0;32m  OK  [0m] Started Commit a transient machine-id on disk.
[[0;32m  OK  [0m] Started Set console font and keymap.
[[0;32m  OK  [0m] Created slice system-getty.slice.
         Starting Update UTMP about System Boot/Shutdown...
[[0;32m  OK  [0m] Reached target System Time Synchronized.
[[0;32m  OK  [0m] Started Update UTMP about System Boot/Shutdown.
[[0;32m  OK  [0m] Started LSB: AppArmor initialization.
         Starting Raise network interfaces...
[[0;32m  OK  [0m] Started Raise network interfaces.
[[0;32m  OK  [0m] Reached target Network.
         Starting Initial cloud-init job (metadata service crawler)...
[   42.143305] cloud-init[1001]: Cloud-init v. 0.7.9 running 'init' at Thu, 02 Nov 2017 23:57:51 +0000. Up 41.44 seconds.
[   42.228920] [cloud-init[0;32m  OK  [0m[1001]: ] ci-info: +++++++++++++++++++++++++++++++++++++Net device info++++++++++++++++++++++++++++++++++++++Started Initial cloud-init job (metadata service crawler).

[   42.229255] cloud-init[1001]: ci-info: +--------+------+----------------------------+---------------+-------+-------------------+
[   42.408343] [cloud-init[0;32m  OK  [0m[1001]: ] ci-info: | Device |  Up  |          Address           |      Mask     | Scope |     Hw-Address    |Reached target Cloud-config availability.

[[   42.408727] [0;32m  OK  [0mcloud-init] [1001]: Reached target Network is Online.ci-info: +--------+------+----------------------------+---------------+-------+-------------------+

[   42.564470]          cloud-initStarting iSCSI initiator daemon (iscsid)...[1001]: 
ci-info: | enp0s3 | True |         10.0.2.15          | 255.255.255.0 |   .   | 02:51:17:41:23:cb |
[   42.616297] [[0;32m  OK  [0m] Reached target System Initialization.
cloud-init[1001]: ci-info: | enp0s3 | True | fe80::51:17ff:fe41:23cb/64 |       .       |  link | 02:51:17:41:23:cb |
[   42.695609]          cloud-initStarting LXD - unix socket.[1001]: 
ci-info: |   lo   | True |         127.0.0.1          |   255.0.0.0   |   .   |         .         |
[   42.760544] [cloud-init[0;32m  OK  [0m[1001]: ] ci-info: |   lo   | True |          ::1/128           |       .       |  host |         .         |Started Timer to automatically refresh installed snaps.

[   42.760808] cloud-init[1001]: ci-info: +--------+------+----------------------------+---------------+-------+-------------------+
[   42.921234] [cloud-init[0;32m  OK  [0m[1001]: ] ci-info: +++++++++++++++++++++++++++Route IPv4 info++++++++++++++++++++++++++++Started ACPI Events Check.

[   42.921627] cloud-init[1001]: ci-info: +-------+-------------+----------+---------------+-----------+-------+
[[0;32m  OK  [0m] Reached target Paths.
[[   43.004897] [0;32m  OK  [0mcloud-init] [1001]: Listening on D-Bus System Message Bus Socket.ci-info: | Route | Destination | Gateway  |    Genmask    | Interface | Flags |

[[0;32m  OK  [0m] Started Daily Cleanup of Temporary Directories.
[   43.192360] cloud-init[1001]: ci-info: +-------+-------------+----------+---------------+-----------+-------+
[[0;32m  OK  [0m] Listening on ACPID Listen Socket.
[[   43.192919] [0;32m  OK  [0mcloud-init] [1001]: Started Daily apt download activities.ci-info: |   0   |   0.0.0.0   | 10.0.2.2 |    0.0.0.0    |   enp0s3  |   UG  |

[   43.400543] [cloud-init[0;32m  OK  [0m[1001]: ] ci-info: |   1   |   10.0.2.0  | 0.0.0.0  | 255.255.255.0 |   enp0s3  |   U   |Started Daily apt upgrade and clean activities.

[   43.400948]          cloud-initStarting Socket activation for snappy daemon.[1001]: 
ci-info: +-------+-------------+----------+---------------+-----------+-------+
[   43.600441] [cloud-init[0;32m  OK  [0m[1001]: ] Generating public/private rsa key pair.Listening on UUID daemon activation socket.

[[   43.600872] [0;32m  OK  [0mcloud-init] [1001]: Started Timer to automatically fetch and run repair assertions.Your identification has been saved in /etc/ssh/ssh_host_rsa_key.

[   43.788383] [cloud-init[0;32m  OK  [0m[1001]: ] Your public key has been saved in /etc/ssh/ssh_host_rsa_key.pub.Reached target Timers.

[   43.788649] cloud-init[1001]: The key fingerprint is:
[   43.888343] cloud-init[1001]: SHA256:pZ4Dh74tpQq91p3ZBhMyPmTGSg3FtJvD1kxfyE3Aprw root@ubuntu-xenial
[   43.924657] cloud-init[1001]: The key's randomart image is:
[   43.964888] cloud-init[1001]: +---[RSA 2048]----+
[   43.996295] cloud-init[1001]: |     +o  ....    |
[   44.024474] cloud-init[1001]: |    . .. .o+     |
[   44.060619] cloud-init[1001]: |     +...o+ o    |
[   44.096310] cloud-init[1001]: |    ..OB++ .     |
[   44.124627] cloud-init[1001]: |   . *OoSo.      |
[   44.148393] cloud-init[1001]: |   ..oo=E.       |
[   44.192329] cloud-init[1001]: |  . ...=+*       |
[   44.224715] cloud-init[1001]: |   ...+o+.o      |
[   44.260467] cloud-init[1001]: |   .o.....       |
[[0;32m  OK  [0m] Listening on LXD - unix socket.
[[0;32m  OK  [0m] Listening on Socket activation for snappy daemon.
[[0;32m  OK  [0m] Started iSCSI initiator daemon (iscsid).
[   44.305171] cloud-init[1001]: +----[SHA256]-----+
[   44.426654] cloud-init[1001]: Generating public/private dsa key pair.
[   44.452479] cloud-init[1001]: Your identification has been saved in /etc/ssh/ssh_host_dsa_key.
[   44.502466] cloud-init[1001]: Your public key has been saved in /etc/ssh/ssh_host_dsa_key.pub.
[   44.531313] cloud-init[1001]: The key fingerprint is:
[   44.532206] cloud-init[1001]: SHA256:GO63JS1c0yT6+LoCBLtS7jQu85S1j1cEfAWhMjJq2tg root@ubuntu-xenial
[   44.533425] cloud-init[1001]: The key's randomart image is:
[   44.576735] cloud-init[1001]: +---[DSA 1024]----+
         Starting Login to default iSCSI targets...
[[0;32m  OK  [0m] Reached target Sockets.
[[0;32m  OK  [0m] Reached target Basic System.
[   44.609266] cloud-init[1001]: |     .  o+.      |
[   44.712351] cloud-init[1001]: |  .   o..        |
[   44.752590] cloud-init[1001]: |  ooo oo  . .    |
[   44.780395] cloud-init[1001]: | .oo.+ o.. +     |
[   44.804516] cloud-init[1001]: |.+ o. o.S o .    |
         Starting Apply the settings specified in cloud-config...
[   44.834315] cloud-init[1001]: |++=o.o ..= .     |
[   44.928481] cloud-init[1001]: |o=E.....* +      |
[   44.964453] cloud-init[1001]: |o.o  oo. *       |
[[0;32m  OK  [0m] Started ACPI event daemon.
[[0;32m  OK  [0m] Started Unattended Upgrades Shutdown.
[   44.995783] cloud-init[1001]: | +. ....+o.      |
[   45.085126] cloud-init[1001]: +----[SHA256]-----+
[[0;32m  OK  [0m] Started D-Bus System Message Bus.
[   45.110847] cloud-init[1001]: Generating public/private ecdsa key pair.
[   45.184512]          cloud-initStarting /etc/rc.local Compatibility...[1001]: 
Your identification has been saved in /etc/ssh/ssh_host_ecdsa_key.
[   45.260356] cloud-init[1001]: Your public key has been saved in /etc/ssh/ssh_host_ecdsa_key.pub.
         Starting LSB: Record successful boot for GRUB...
[   45.260727] cloud-init[1001]: The key fingerprint is:
[   45.353654] cloud-init[1001]: SHA256:kGLvdtAUaMnOQyfDm0bJSE3+98CWh3VdjGmz2Li1bBQ root@ubuntu-xenial
[   45.404558]          cloud-initStarting Snappy daemon...[1001]: 
The key's randomart image is:
[   45.440378] [cloud-init[0;32m  OK  [0m[1001]: ] +---[ECDSA 256]---+Started Deferred execution scheduler.

[   45.442181] cloud-init[1001]: |   ..B.+.      +.|
[   45.528846]          cloud-initStarting Accounts Service...[1001]: 
|    ..#...    E.o|
[   45.592548]          cloud-initStarting Pollinate to seed the pseudo random number generator...[1001]: 
|    o*+*.   .=.+.|
[   45.656904] [cloud-init[0;32m  OK  [0m[1001]: ] |   . oB= . +o.=  |Started Regular background program processing daemon.

[   45.657432] cloud-init[1001]: |     .o.S B .= . |
[   45.736490] cloud-init[1001]: |     . . o +. +  |
[   45.760584]          cloud-initStarting LSB: MD monitoring daemon...[1001]: 
|      o .   ..   |
[   45.808462]          cloud-initStarting Login Service...[1001]: 
|     . .         |
[   45.844429]          cloud-initStarting System Logging Service...[1001]: 
|                 |
[   45.900639] [[0;32m  OK  [0m] Started FUSE filesystem for LXC.
cloud-init[1001]: +----[SHA256]-----+
[   45.960477]          cloud-initStarting LXD - container startup/shutdown...[1001]: 
Generating public/private ed25519 key pair.
[   46.032389] [cloud-init[0;32m  OK  [0m[1001]: ] Your identification has been saved in /etc/ssh/ssh_host_ed25519_key.Started Snappy daemon.

[[   46.032779] [0;32m  OK  [0mcloud-init] [1001]: Started System Logging Service.Your public key has been saved in /etc/ssh/ssh_host_ed25519_key.pub.

[   46.176610] [cloud-init[0;32m  OK  [0m[1001]: ] The key fingerprint is:Started /etc/rc.local Compatibility.

[   46.176971] cloud-init[1001]: SHA256:1wQCifsXzYRoVoHO0j0TsTydwgjsiWWB1SAIEzWiQV4 root@ubuntu-xenial
[   46.244379] [cloud-init[0;32m  OK  [0m[1001]: ] The key's randomart image is:Started LXD - container startup/shutdown.

[   46.296397] [cloud-init[0;32m  OK  [0m[1001]: ] +--[ED25519 256]--+Started Login to default iSCSI targets.

[   46.348445] [cloud-init[0;32m  OK  [0m[1001]: ] |O=+E==.*=+.      |Started LSB: Record successful boot for GRUB.

[   46.348900] cloud-init[1001]: |++oo=.B+o+.o     |
[[0;32m  OK  [0m] Started LSB: MD monitoring daemon.
[   46.432680] cloud-init[1001]: |.. = O..*=o .    |
[   46.484563]          cloud-initStarting Authenticate and Authorize Users to Run Privileged Tasks...[1001]: 
|  . = + =ooo     |
[   46.576435] [cloud-init[0;32m  OK  [0m[1001]: ] |     o  S+. .    |Stopped OpenBSD Secure Shell server.

[   46.632407]          cloud-initStarting OpenBSD Secure Shell server...[1001]: 
|      . ..       |
[   46.684560] [cloud-init[0;32m  OK  [0m[1001]: ] |       .         |Reached target Remote File Systems (Pre).

[   46.685180] cloud-init[1001]: |                 |
[   46.784710] [cloud-init[0;32m  OK  [0m[1001]: ] |                 |Reached target Remote File Systems.

[   46.785123] cloud-init[1001]: +----[SHA256]-----+
         Starting LSB: automatic crash report generation...
[   46.874436] cloud-init[1102]: Generating locales (this might take a while)...
[   46.919269]          cloud-initStarting LSB: Set the CPU Frequency Scaling governor to "ondemand"...[1102]: 
  en_US.UTF-8... done
[   46.948762]          cloud-initStarting LSB: daemon to balance interrupts for SMP systems...[1102]: 
Generation complete.
         Starting Permit User Sessions...
         Starting LSB: VirtualBox Linux Additions...
         Starting Auto import assertions from block devices...
[[0;32m  OK  [0m] Started OpenBSD Secure Shell server.
[[0;32m  OK  [0m] Started Pollinate to seed the pseudo random number generator.
[[0;32m  OK  [0m] Started Permit User Sessions.
[[0;32m  OK  [0m] Started Auto import assertions from block devices.
[[0;32m  OK  [0m] Started Login Service.
[[0;32m  OK  [0m] Started Authenticate and Authorize Users to Run Privileged Tasks.
[[0;32m  OK  [0m] Started Accounts Service.
[[0;32m  OK  [0m] Started LSB: Set the CPU Frequency Scaling governor to "ondemand".
[   47.420957] cloud-init[1102]: Cloud-init v. 0.7.9 running 'modules:config' at Thu, 02 Nov 2017 23:57:55 +0000. Up 45.03 seconds.
[[0;32m  OK  [0m] Started Apply the settings specified in cloud-config.
[[0;32m  OK  [0m] Started LSB: automatic crash report generation.
[[0;32m  OK  [0m] Started LSB: daemon to balance interrupts for SMP systems.
[[0;32m  OK  [0m] Created slice User Slice of ubuntu.
[[0;32m  OK  [0m] Started Session 1 of user ubuntu.
         Starting User Manager for UID 1000...
         Starting Terminate Plymouth Boot Screen...
         Starting Hold until boot process finishes up...
[[0;32m  OK  [0m] Started User Manager for UID 1000.
[[0;32m  OK  [0m] Started LSB: VirtualBox Linux Additions.
[[0;32m  OK  [0m] Started Terminate Plymouth Boot Screen.
[[0;32m  OK  [0m] Started Hold until boot process finishes up.
         Starting Set console scheme...
[[0;32m  OK  [0m] Started Getty on tty1.
[[0;32m  OK  [0m] Started Serial Getty on ttyS0.
[[0;32m  OK  [0m] Reached target Login Prompts.
[[0;32m  OK  [0m] Reached target Multi-User System.
         Starting Execute cloud user/final scripts...
[[0;32m  OK  [0m] Reached target Graphical Interface.
         Starting Update UTMP about System Runlevel Changes...
[[0;32m  OK  [0m] Started Set console scheme.
[[0;32m  OK  [0m] Started Update UTMP about System Runlevel Changes.
ci-info: no authorized ssh keys fingerprints found for user ubuntu.
<14>Nov  2 23:57:58 ec2: 
<14>Nov  2 23:57:58 ec2: #############################################################
<14>Nov  2 23:57:58 ec2: -----BEGIN SSH HOST KEY FINGERPRINTS-----
<14>Nov  2 23:57:58 ec2: 1024 SHA256:GO63JS1c0yT6+LoCBLtS7jQu85S1j1cEfAWhMjJq2tg root@ubuntu-xenial (DSA)
<14>Nov  2 23:57:58 ec2: 256 SHA256:kGLvdtAUaMnOQyfDm0bJSE3+98CWh3VdjGmz2Li1bBQ root@ubuntu-xenial (ECDSA)
<14>Nov  2 23:57:58 ec2: 256 SHA256:1wQCifsXzYRoVoHO0j0TsTydwgjsiWWB1SAIEzWiQV4 root@ubuntu-xenial (ED25519)
<14>Nov  2 23:57:58 ec2: 2048 SHA256:pZ4Dh74tpQq91p3ZBhMyPmTGSg3FtJvD1kxfyE3Aprw root@ubuntu-xenial (RSA)
<14>Nov  2 23:57:58 ec2: -----END SSH HOST KEY FINGERPRINTS-----
<14>Nov  2 23:57:58 ec2: #############################################################
-----BEGIN SSH HOST KEY KEYS-----
ecdsa-sha2-nistp256 AAAAE2VjZHNhLXNoYTItbmlzdHAyNTYAAAAIbmlzdHAyNTYAAABBBEY3Sm2LNxlpdklmSCzldqr2imGwlMKC1QUsFkEwBxFuQqBpbu2mL2A0kkGkrNb6uecoZ9YH2unwcXd6Hyf8XeY= root@ubuntu-xenial
ssh-ed25519 AAAAC3NzaC1lZDI1NTE5AAAAIMfDzMGa8pcqj2iShBsg7qaJHefqJIHb5KvzE773Awas root@ubuntu-xenial
ssh-rsa AAAAB3NzaC1yc2EAAAADAQABAAABAQCwK3y69q1SxZEjmVzWC3UkK1VpxFGMWu794MZwSE+7tJiUO76L6llqU3GmixRHxCRJlv+y1KdBUSsnHVaV4hln5grXSwDVIqVWONLsH6cV/VkfUWtWoAp/Gd9z1c6KCjlkCk1eOR9NtLLvOjWjLxgilwIkiNAA5wLJxDuFh/7Qq4ZNWxs98bG8n2qX7hVJ0JeqcxhhTsejzKEGQnjG+aYEMmW0xHlVPE2oY0MYp+6QwMARQgnmBZlaFFC6xcdTX3vK9DSBrrh8MuebW7971grqOXAJspoomLhtAf1hxqLYLuU9CMC0CKmTgdCHOD3cEqSIg93A8uBtYY0TykuVtGAR root@ubuntu-xenial
-----END SSH HOST KEY KEYS-----
[   49.573865] cloud-init[1373]: Cloud-init v. 0.7.9 running 'modules:final' at Thu, 02 Nov 2017 23:57:58 +0000. Up 48.61 seconds.
[   49.632555] [cloud-init[0;32m  OK  [0m[1373]: ] ci-info: no authorized ssh keys fingerprints found for user ubuntu.Started Execute cloud user/final scripts.

[   49.633033] cloud-init[1373]: Cloud-init v. 0.7.9 finished at Thu, 02 Nov 2017 23:57:59 +0000. Datasource DataSourceNoCloud [seed=/dev/sdb][dsmode=net].  Up 49.56 seconds
[[0;32m  OK  [0m] Reached target Cloud-init target.

Ubuntu 16.04.3 LTS ubuntu-xenial ttyS0

ubuntu-xenial login:          Stopping ACPIe         Stopping Authenticate and Authorize Users to Run Privileged Tasks...
[  OK  ] Stopped target Timers.
[  OK  ] Stopped Timer to automatically fetch and run repair assertions.
[  OK  ] Stopped Daily Cleanup of Temporary Directories.
[  OK  ] Stopped Timer to automatically refresh installed snaps.
[  OK  ] Stopped Daily apt upgrade and clean activities.
[  OK  ] Stopped Daily apt download activities.
[  OK  ] Stopped target System Time Synchronized.
[  OK  ] Unmounted /home/vagrant/data.
[  OK  ] Unmounted /vagrant.
[  OK  ] Unmounted /var/lib/lxcfs.
[  OK  ] Stopped ACPI event daemon.
[  OK  ] Stopped Snappy daemon.
[  OK  ] Stopped Deferred execution scheduler.
[  OK  ] Stopped Accounts Service.
[  OK  ] Stopped Regular background program processing daemon.
[  OK  ] Stopped System Logging Service.
[  OK  ] Stopped Authenticate and Authorize Users to Run Privileged Tasks.
[  OK  ] Stopped OpenBSD Secure Shell server.
[  OK  ] Stopped Getty on tty1.
[  OK  ] Stopped Serial Getty on ttyS0.
[  OK  ] Stopped Daemon for generating UUIDs.
[  OK  ] Stopped The Circus Server.
[  OK  ] Stopped User Manager for UID 1000.
[  OK  ] Stopped Session 7 of user ubuntu.
[  OK  ] Stopped Unattended Upgrades Shutdown.
[  OK  ] Stopped D-Bus System Message Bus.
[  OK  ] Stopped A high performance web server and a reverse proxy server.
[  OK  ] Stopped vboxadd.service.
[  OK  ] Stopped PostgreSQL Cluster 9.5-main.
[  OK  ] Stopped FUSE filesystem for LXC.
[  OK  ] Stopped LSB: daemon to balance interrupts for SMP systems.
[  OK  ] Stopped LSB: Set the CPU Frequency Scaling governor to "ondemand".
[  OK  ] Stopped LSB: MD monitoring daemon.
[  OK  ] Stopped LSB: Record successful boot for GRUB.
[  OK  ] Stopped LSB: automatic crash report generation.
[  OK  ] Stopped LXD - container startup/shutdown.
[  OK  ] Removed slice system-postgresql.slice.
[  OK  ] Removed slice User Slice of ubuntu.
         Stopping Login Service...
[  OK  ] Removed slice system-serial\x2dgetty.slice.
[  OK  ] Removed slice system-getty.slice.
         Stopping Permit User Sessions...
[  OK  ] Stopped /etc/rc.local Compatibility.
[  OK  ] Stopped Login Service.
[  OK  ] Stopped Permit User Sessions.
[  OK  ] Stopped target Remote File Systems.
[  OK  ] Stopped target Remote File Systems (Pre).
         Stopping Login to default iSCSI targets...
[  OK  ] Stopped target Basic System.
[  OK  ] Stopped target Slices.
[  OK  ] Stopped target Sockets.
[  OK  ] Closed Socket activation for snappy daemon.
[  OK  ] Closed ACPID Listen Socket.
[  OK  ] Closed LXD - unix socket.
[  OK  ] Closed UUID daemon activation socket.
[  OK  ] Closed Syslog Socket.
[  OK  ] Stopped target Paths.
[  OK  ] Stopped ACPI Events Check.
[  OK  ] Stopped Forward Password Requests to Wall Directory Watch.
[  OK  ] Stopped Dispatch Password Requests to Console Directory Watch.
[  OK  ] Stopped target User and Group Name Lookups.
[  OK  ] Removed slice User and Session Slice.
[  OK  ] Closed D-Bus System Message Bus Socket.
[  OK  ] Stopped target System Initialization.
         Stopping Load/Save Random Seed...
[  OK  ] Stopped target Encrypted Volumes.
[  OK  ] Stopped target Swap.
[  OK  ] Stopped Commit a transient machine-id on disk.
[  OK  ] Stopped Create Volatile Files and Directories.
[  OK  ] Stopped Load/Save Random Seed.
[  OK  ] Stopped Login to default iSCSI targets.
         Stopping iSCSI initiator daemon (iscsid)...
[  OK  ] Stopped iSCSI initiator daemon (iscsid).
[  OK  ] Stopped target Network is Online.
[  OK  ] Stopped target Network.
[  OK  ] Stopped Initial cloud-init job (metadata service crawler).
         Stopping Raise network interfaces...
[  OK  ] Stopped Raise network interfaces.
[  OK  ] Stopped target Local File Systems.
         Unmounting /run/user/1000...
[  OK  ] Stopped target Network (Pre).
[  OK  ] Stopped Initial cloud-init job (pre-networking).
[  OK  ] Stopped Apply Kernel Variables.
[  OK  ] Stopped Load Kernel Modules.
[  OK  ] Unmounted /run/user/1000.
[  OK  ] Reached target Unmount All Filesystems.
[  OK  ] Stopped target Local File Systems (Pre).
         Stopping Monitoring of LVM2 mirrors... dmeventd or progress polling...
[  OK  ] Stopped Remount Root and Kernel File Systems.
[  OK  ] Stopped Create Static Device Nodes in /dev.
[  OK  ] Reached target Shutdown.
[ 1735.317137] reboot: Power down
